#-----------------------------------------------------------
# Vivado v2019.2 (64-bit)
# SW Build 2708876 on Wed Nov  6 21:40:23 MST 2019
# IP Build 2700528 on Thu Nov  7 00:09:20 MST 2019
# Start of session at: Sun Sep 25 19:59:24 2022
# Process ID: 3208
# Current directory: D:/Ip_core/project_5
# Command line: vivado.exe -gui_launcher_event rodinguilauncherevent8356 D:\Ip_core\project_5\project_5.xpr
# Log file: D:/Ip_core/project_5/vivado.log
# Journal file: D:/Ip_core/project_5\vivado.jou
#-----------------------------------------------------------
start_gui
open_project D:/Ip_core/project_5/project_5.xpr
INFO: [Common 17-41] Interrupt caught. Command should exit soon.
INFO: [Common 17-344] 'open_project' was cancelled
exit
INFO: [Common 17-206] Exiting Vivado at Sun Sep 25 20:00:02 2022...
19-1700] Loaded user IP repository 'd:/Ip_core/project_5'.
INFO: [IP_Flow 19-2313] Loaded Vivado IP repository 'C:/Xilinx/Vivado/2019.2/data/ip'.
open_project: Time (s): cpu = 00:00:32 ; elapsed = 00:00:18 . Memory (MB): peak = 749.504 ; gain = 150.312
update_compile_order -fileset sources_1
